{"C:\\Users\\user\\Desktop\\NewProjects\\Jest-Tutorial\\src\\filterByTerm.js": {"path":"C:\\Users\\user\\Desktop\\NewProjects\\Jest-Tutorial\\src\\filterByTerm.js","statementMap":{"0":{"start":{"line":2,"column":4},"end":{"line":2,"column":63}},"1":{"start":{"line":2,"column":21},"end":{"line":2,"column":63}},"2":{"start":{"line":4,"column":18},"end":{"line":4,"column":45}},"3":{"start":{"line":5,"column":4},"end":{"line":7,"column":7}},"4":{"start":{"line":6,"column":8},"end":{"line":6,"column":45}},"5":{"start":{"line":10,"column":0},"end":{"line":10,"column":30}}},"fnMap":{"0":{"name":"filterByTerm","decl":{"start":{"line":1,"column":9},"end":{"line":1,"column":21}},"loc":{"start":{"line":1,"column":44},"end":{"line":8,"column":1}},"line":1},"1":{"name":"(anonymous_1)","decl":{"start":{"line":5,"column":27},"end":{"line":5,"column":28}},"loc":{"start":{"line":5,"column":50},"end":{"line":7,"column":5}},"line":5}},"branchMap":{"0":{"loc":{"start":{"line":2,"column":4},"end":{"line":2,"column":63}},"type":"if","locations":[{"start":{"line":2,"column":4},"end":{"line":2,"column":63}},{"start":{},"end":{}}],"line":2}},"s":{"0":3,"1":0,"2":3,"3":3,"4":12,"5":1},"f":{"0":3,"1":12},"b":{"0":[0,3]},"_coverageSchema":"1a1c01bbd47fc00a2c39e90264f33305004495a9","hash":"7eb12e6e02839bacd41c09acb212f0072dbb55b6"}
}
